app/build/intermediates/manifest_merge_blame_file/debug/processDebugMainManifest/manifest-merger-blame-debug-report.txt
1<?xml version="1.0" encoding="utf-8"?>
2<manifest xmlns:android="http://schemas.android.com/apk/res/android"
3    package="com.foodsharing.app"
4    android:versionCode="1"
5    android:versionName="1.0" >
6
7    <uses-sdk
8        android:minSdkVersion="34"
9        android:targetSdkVersion="34" />
10
11    <uses-permission android:name="android.permission.INTERNET" />
11-->src\main\AndroidManifest.xml:4:5-67
11-->src\main\AndroidManifest.xml:4:22-64
12    <uses-permission android:name="android.permission.POST_NOTIFICATIONS" />
12-->src\main\AndroidManifest.xml:5:5-77
12-->src\main\AndroidManifest.xml:5:22-74
13    <uses-permission android:name="android.permission.RECEIVE_BOOT_COMPLETED" />
13-->src\main\AndroidManifest.xml:6:5-81
13-->src\main\AndroidManifest.xml:6:22-78
14    <uses-permission android:name="android.permission.ACCESS_COARSE_LOCATION" />
14-->src\main\AndroidManifest.xml:7:5-81
14-->src\main\AndroidManifest.xml:7:22-78
15    <uses-permission android:name="android.permission.ACCESS_FINE_LOCATION" />
15-->src\main\AndroidManifest.xml:8:5-79
15-->src\main\AndroidManifest.xml:8:22-76
16    <uses-permission android:name="android.permission.WAKE_LOCK" />
16-->[androidx.work:work-runtime:2.9.0] AndroidManifest.xml:23:5-68
16-->[androidx.work:work-runtime:2.9.0] AndroidManifest.xml:23:22-65
17    <uses-permission android:name="android.permission.ACCESS_NETWORK_STATE" />
17-->[androidx.work:work-runtime:2.9.0] AndroidManifest.xml:24:5-79
17-->[androidx.work:work-runtime:2.9.0] AndroidManifest.xml:24:22-76
18    <uses-permission android:name="android.permission.FOREGROUND_SERVICE" />
18-->[androidx.work:work-runtime:2.9.0] AndroidManifest.xml:26:5-77
18-->[androidx.work:work-runtime:2.9.0] AndroidManifest.xml:26:22-74
19
20    <permission
20-->[androidx.core:core:1.13.1] AndroidManifest.xml:22:5-24:47
21        android:name="com.foodsharing.app.DYNAMIC_RECEIVER_NOT_EXPORTED_PERMISSION"
21-->[androidx.core:core:1.13.1] AndroidManifest.xml:23:9-81
22        android:protectionLevel="signature" />
22-->[androidx.core:core:1.13.1] AndroidManifest.xml:24:9-44
23
24    <uses-permission android:name="com.foodsharing.app.DYNAMIC_RECEIVER_NOT_EXPORTED_PERMISSION" />
24-->[androidx.core:core:1.13.1] AndroidManifest.xml:26:5-97
24-->[androidx.core:core:1.13.1] AndroidManifest.xml:26:22-94
25
26    <application
26-->src\main\AndroidManifest.xml:10:5-41:19
27        android:name="com.foodsharing.app.FoodsharingApplication"
27-->src\main\AndroidManifest.xml:11:9-47
28        android:appComponentFactory="androidx.core.app.CoreComponentFactory"
28-->[androidx.core:core:1.13.1] AndroidManifest.xml:28:18-86
29        android:debuggable="true"
30        android:extractNativeLibs="false"
31        android:icon="@mipmap/ic_launcher"
31-->src\main\AndroidManifest.xml:12:9-43
32        android:label="@string/app_name"
32-->src\main\AndroidManifest.xml:13:9-41
33        android:roundIcon="@mipmap/ic_launcher_round"
33-->src\main\AndroidManifest.xml:14:9-54
34        android:supportsRtl="true"
34-->src\main\AndroidManifest.xml:15:9-35
35        android:testOnly="true"
36        android:theme="@style/Theme.FoodsharingApp" >
36-->src\main\AndroidManifest.xml:16:9-52
37        <activity
37-->src\main\AndroidManifest.xml:18:9-26:20
38            android:name="com.foodsharing.app.ui.auth.LoginActivity"
38-->src\main\AndroidManifest.xml:19:13-50
39            android:exported="true"
39-->src\main\AndroidManifest.xml:20:13-36
40            android:windowSoftInputMode="adjustResize" >
40-->src\main\AndroidManifest.xml:21:13-55
41            <intent-filter>
41-->src\main\AndroidManifest.xml:22:13-25:29
42                <action android:name="android.intent.action.MAIN" />
42-->src\main\AndroidManifest.xml:23:17-69
42-->src\main\AndroidManifest.xml:23:25-66
43
44                <category android:name="android.intent.category.LAUNCHER" />
44-->src\main\AndroidManifest.xml:24:17-77
44-->src\main\AndroidManifest.xml:24:27-74
45            </intent-filter>
46        </activity>
47        <activity
47-->src\main\AndroidManifest.xml:28:9-30:40
48            android:name="com.foodsharing.app.ui.main.MainActivity"
48-->src\main\AndroidManifest.xml:29:13-49
49            android:exported="false" />
49-->src\main\AndroidManifest.xml:30:13-37
50
51        <receiver
51-->src\main\AndroidManifest.xml:32:9-39:20
52            android:name="com.foodsharing.app.worker.BootReceiver"
52-->src\main\AndroidManifest.xml:33:13-48
53            android:enabled="true"
53-->src\main\AndroidManifest.xml:34:13-35
54            android:exported="true" >
54-->src\main\AndroidManifest.xml:35:13-36
55            <intent-filter>
55-->src\main\AndroidManifest.xml:36:13-38:29
56                <action android:name="android.intent.action.BOOT_COMPLETED" />
56-->src\main\AndroidManifest.xml:37:17-79
56-->src\main\AndroidManifest.xml:37:25-76
57            </intent-filter>
58        </receiver>
59
60        <activity
60-->[com.google.android.gms:play-services-base:18.5.0] AndroidManifest.xml:5:9-173
61            android:name="com.google.android.gms.common.api.GoogleApiActivity"
61-->[com.google.android.gms:play-services-base:18.5.0] AndroidManifest.xml:5:19-85
62            android:exported="false"
62-->[com.google.android.gms:play-services-base:18.5.0] AndroidManifest.xml:5:146-170
63            android:theme="@android:style/Theme.Translucent.NoTitleBar" />
63-->[com.google.android.gms:play-services-base:18.5.0] AndroidManifest.xml:5:86-145
64
65        <meta-data
65-->[com.google.android.gms:play-services-basement:18.4.0] AndroidManifest.xml:6:9-122
66            android:name="com.google.android.gms.version"
66-->[com.google.android.gms:play-services-basement:18.4.0] AndroidManifest.xml:6:20-65
67            android:value="@integer/google_play_services_version" />
67-->[com.google.android.gms:play-services-basement:18.4.0] AndroidManifest.xml:6:66-119
68
69        <provider
69-->[androidx.emoji2:emoji2:1.3.0] AndroidManifest.xml:24:9-32:20
70            android:name="androidx.startup.InitializationProvider"
70-->[androidx.emoji2:emoji2:1.3.0] AndroidManifest.xml:25:13-67
71            android:authorities="com.foodsharing.app.androidx-startup"
71-->[androidx.emoji2:emoji2:1.3.0] AndroidManifest.xml:26:13-68
72            android:exported="false" >
72-->[androidx.emoji2:emoji2:1.3.0] AndroidManifest.xml:27:13-37
73            <meta-data
73-->[androidx.emoji2:emoji2:1.3.0] AndroidManifest.xml:29:13-31:52
74                android:name="androidx.emoji2.text.EmojiCompatInitializer"
74-->[androidx.emoji2:emoji2:1.3.0] AndroidManifest.xml:30:17-75
75                android:value="androidx.startup" />
75-->[androidx.emoji2:emoji2:1.3.0] AndroidManifest.xml:31:17-49
76            <meta-data
76-->[androidx.work:work-runtime:2.9.0] AndroidManifest.xml:34:13-36:52
77                android:name="androidx.work.WorkManagerInitializer"
77-->[androidx.work:work-runtime:2.9.0] AndroidManifest.xml:35:17-68
78                android:value="androidx.startup" />
78-->[androidx.work:work-runtime:2.9.0] AndroidManifest.xml:36:17-49
79            <meta-data
79-->[androidx.lifecycle:lifecycle-process:2.8.2] AndroidManifest.xml:29:13-31:52
80                android:name="androidx.lifecycle.ProcessLifecycleInitializer"
80-->[androidx.lifecycle:lifecycle-process:2.8.2] AndroidManifest.xml:30:17-78
81                android:value="androidx.startup" />
81-->[androidx.lifecycle:lifecycle-process:2.8.2] AndroidManifest.xml:31:17-49
82            <meta-data
82-->[androidx.profileinstaller:profileinstaller:1.3.1] AndroidManifest.xml:29:13-31:52
83                android:name="androidx.profileinstaller.ProfileInstallerInitializer"
83-->[androidx.profileinstaller:profileinstaller:1.3.1] AndroidManifest.xml:30:17-85
84                android:value="androidx.startup" />
84-->[androidx.profileinstaller:profileinstaller:1.3.1] AndroidManifest.xml:31:17-49
85        </provider>
86
87        <service
87-->[androidx.work:work-runtime:2.9.0] AndroidManifest.xml:39:9-45:35
88            android:name="androidx.work.impl.background.systemalarm.SystemAlarmService"
88-->[androidx.work:work-runtime:2.9.0] AndroidManifest.xml:40:13-88
89            android:directBootAware="false"
89-->[androidx.work:work-runtime:2.9.0] AndroidManifest.xml:41:13-44
90            android:enabled="@bool/enable_system_alarm_service_default"
90-->[androidx.work:work-runtime:2.9.0] AndroidManifest.xml:42:13-72
91            android:exported="false" />
91-->[androidx.work:work-runtime:2.9.0] AndroidManifest.xml:43:13-37
92        <service
92-->[androidx.work:work-runtime:2.9.0] AndroidManifest.xml:46:9-52:35
93            android:name="androidx.work.impl.background.systemjob.SystemJobService"
93-->[androidx.work:work-runtime:2.9.0] AndroidManifest.xml:47:13-84
94            android:directBootAware="false"
94-->[androidx.work:work-runtime:2.9.0] AndroidManifest.xml:48:13-44
95            android:enabled="@bool/enable_system_job_service_default"
95-->[androidx.work:work-runtime:2.9.0] AndroidManifest.xml:49:13-70
96            android:exported="true"
96-->[androidx.work:work-runtime:2.9.0] AndroidManifest.xml:50:13-36
97            android:permission="android.permission.BIND_JOB_SERVICE" />
97-->[androidx.work:work-runtime:2.9.0] AndroidManifest.xml:51:13-69
98        <service
98-->[androidx.work:work-runtime:2.9.0] AndroidManifest.xml:53:9-59:35
99            android:name="androidx.work.impl.foreground.SystemForegroundService"
99-->[androidx.work:work-runtime:2.9.0] AndroidManifest.xml:54:13-81
100            android:directBootAware="false"
100-->[androidx.work:work-runtime:2.9.0] AndroidManifest.xml:55:13-44
101            android:enabled="@bool/enable_system_foreground_service_default"
101-->[androidx.work:work-runtime:2.9.0] AndroidManifest.xml:56:13-77
102            android:exported="false" />
102-->[androidx.work:work-runtime:2.9.0] AndroidManifest.xml:57:13-37
103
104        <receiver
104-->[androidx.work:work-runtime:2.9.0] AndroidManifest.xml:61:9-66:35
105            android:name="androidx.work.impl.utils.ForceStopRunnable$BroadcastReceiver"
105-->[androidx.work:work-runtime:2.9.0] AndroidManifest.xml:62:13-88
106            android:directBootAware="false"
106-->[androidx.work:work-runtime:2.9.0] AndroidManifest.xml:63:13-44
107            android:enabled="true"
107-->[androidx.work:work-runtime:2.9.0] AndroidManifest.xml:64:13-35
108            android:exported="false" />
108-->[androidx.work:work-runtime:2.9.0] AndroidManifest.xml:65:13-37
109        <receiver
109-->[androidx.work:work-runtime:2.9.0] AndroidManifest.xml:67:9-77:20
110            android:name="androidx.work.impl.background.systemalarm.ConstraintProxy$BatteryChargingProxy"
110-->[androidx.work:work-runtime:2.9.0] AndroidManifest.xml:68:13-106
111            android:directBootAware="false"
111-->[androidx.work:work-runtime:2.9.0] AndroidManifest.xml:69:13-44
112            android:enabled="false"
112-->[androidx.work:work-runtime:2.9.0] AndroidManifest.xml:70:13-36
113            android:exported="false" >
113-->[androidx.work:work-runtime:2.9.0] AndroidManifest.xml:71:13-37
114            <intent-filter>
114-->[androidx.work:work-runtime:2.9.0] AndroidManifest.xml:73:13-76:29
115                <action android:name="android.intent.action.ACTION_POWER_CONNECTED" />
115-->[androidx.work:work-runtime:2.9.0] AndroidManifest.xml:74:17-87
115-->[androidx.work:work-runtime:2.9.0] AndroidManifest.xml:74:25-84
116                <action android:name="android.intent.action.ACTION_POWER_DISCONNECTED" />
116-->[androidx.work:work-runtime:2.9.0] AndroidManifest.xml:75:17-90
116-->[androidx.work:work-runtime:2.9.0] AndroidManifest.xml:75:25-87
117            </intent-filter>
118        </receiver>
119        <receiver
119-->[androidx.work:work-runtime:2.9.0] AndroidManifest.xml:78:9-88:20
120            android:name="androidx.work.impl.background.systemalarm.ConstraintProxy$BatteryNotLowProxy"
120-->[androidx.work:work-runtime:2.9.0] AndroidManifest.xml:79:13-104
121            android:directBootAware="false"
121-->[androidx.work:work-runtime:2.9.0] AndroidManifest.xml:80:13-44
122            android:enabled="false"
122-->[androidx.work:work-runtime:2.9.0] AndroidManifest.xml:81:13-36
123            android:exported="false" >
123-->[androidx.work:work-runtime:2.9.0] AndroidManifest.xml:82:13-37
124            <intent-filter>
124-->[androidx.work:work-runtime:2.9.0] AndroidManifest.xml:84:13-87:29
125                <action android:name="android.intent.action.BATTERY_OKAY" />
125-->[androidx.work:work-runtime:2.9.0] AndroidManifest.xml:85:17-77
125-->[androidx.work:work-runtime:2.9.0] AndroidManifest.xml:85:25-74
126                <action android:name="android.intent.action.BATTERY_LOW" />
126-->[androidx.work:work-runtime:2.9.0] AndroidManifest.xml:86:17-76
126-->[androidx.work:work-runtime:2.9.0] AndroidManifest.xml:86:25-73
127            </intent-filter>
128        </receiver>
129        <receiver
129-->[androidx.work:work-runtime:2.9.0] AndroidManifest.xml:89:9-99:20
130            android:name="androidx.work.impl.background.systemalarm.ConstraintProxy$StorageNotLowProxy"
130-->[androidx.work:work-runtime:2.9.0] AndroidManifest.xml:90:13-104
131            android:directBootAware="false"
131-->[androidx.work:work-runtime:2.9.0] AndroidManifest.xml:91:13-44
132            android:enabled="false"
132-->[androidx.work:work-runtime:2.9.0] AndroidManifest.xml:92:13-36
133            android:exported="false" >
133-->[androidx.work:work-runtime:2.9.0] AndroidManifest.xml:93:13-37
134            <intent-filter>
134-->[androidx.work:work-runtime:2.9.0] AndroidManifest.xml:95:13-98:29
135                <action android:name="android.intent.action.DEVICE_STORAGE_LOW" />
135-->[androidx.work:work-runtime:2.9.0] AndroidManifest.xml:96:17-83
135-->[androidx.work:work-runtime:2.9.0] AndroidManifest.xml:96:25-80
136                <action android:name="android.intent.action.DEVICE_STORAGE_OK" />
136-->[androidx.work:work-runtime:2.9.0] AndroidManifest.xml:97:17-82
136-->[androidx.work:work-runtime:2.9.0] AndroidManifest.xml:97:25-79
137            </intent-filter>
138        </receiver>
139        <receiver
139-->[androidx.work:work-runtime:2.9.0] AndroidManifest.xml:100:9-109:20
140            android:name="androidx.work.impl.background.systemalarm.ConstraintProxy$NetworkStateProxy"
140-->[androidx.work:work-runtime:2.9.0] AndroidManifest.xml:101:13-103
141            android:directBootAware="false"
141-->[androidx.work:work-runtime:2.9.0] AndroidManifest.xml:102:13-44
142            android:enabled="false"
142-->[androidx.work:work-runtime:2.9.0] AndroidManifest.xml:103:13-36
143            android:exported="false" >
143-->[androidx.work:work-runtime:2.9.0] AndroidManifest.xml:104:13-37
144            <intent-filter>
144-->[androidx.work:work-runtime:2.9.0] AndroidManifest.xml:106:13-108:29
145                <action android:name="android.net.conn.CONNECTIVITY_CHANGE" />
145-->[androidx.work:work-runtime:2.9.0] AndroidManifest.xml:107:17-79
145-->[androidx.work:work-runtime:2.9.0] AndroidManifest.xml:107:25-76
146            </intent-filter>
147        </receiver>
148        <receiver
148-->[androidx.work:work-runtime:2.9.0] AndroidManifest.xml:110:9-121:20
149            android:name="androidx.work.impl.background.systemalarm.RescheduleReceiver"
149-->[androidx.work:work-runtime:2.9.0] AndroidManifest.xml:111:13-88
150            android:directBootAware="false"
150-->[androidx.work:work-runtime:2.9.0] AndroidManifest.xml:112:13-44
151            android:enabled="false"
151-->[androidx.work:work-runtime:2.9.0] AndroidManifest.xml:113:13-36
152            android:exported="false" >
152-->[androidx.work:work-runtime:2.9.0] AndroidManifest.xml:114:13-37
153            <intent-filter>
153-->[androidx.work:work-runtime:2.9.0] AndroidManifest.xml:116:13-120:29
154                <action android:name="android.intent.action.BOOT_COMPLETED" />
154-->src\main\AndroidManifest.xml:37:17-79
154-->src\main\AndroidManifest.xml:37:25-76
155                <action android:name="android.intent.action.TIME_SET" />
155-->[androidx.work:work-runtime:2.9.0] AndroidManifest.xml:118:17-73
155-->[androidx.work:work-runtime:2.9.0] AndroidManifest.xml:118:25-70
156                <action android:name="android.intent.action.TIMEZONE_CHANGED" />
156-->[androidx.work:work-runtime:2.9.0] AndroidManifest.xml:119:17-81
156-->[androidx.work:work-runtime:2.9.0] AndroidManifest.xml:119:25-78
157            </intent-filter>
158        </receiver>
159        <receiver
159-->[androidx.work:work-runtime:2.9.0] AndroidManifest.xml:122:9-131:20
160            android:name="androidx.work.impl.background.systemalarm.ConstraintProxyUpdateReceiver"
160-->[androidx.work:work-runtime:2.9.0] AndroidManifest.xml:123:13-99
161            android:directBootAware="false"
161-->[androidx.work:work-runtime:2.9.0] AndroidManifest.xml:124:13-44
162            android:enabled="@bool/enable_system_alarm_service_default"
162-->[androidx.work:work-runtime:2.9.0] AndroidManifest.xml:125:13-72
163            android:exported="false" >
163-->[androidx.work:work-runtime:2.9.0] AndroidManifest.xml:126:13-37
164            <intent-filter>
164-->[androidx.work:work-runtime:2.9.0] AndroidManifest.xml:128:13-130:29
165                <action android:name="androidx.work.impl.background.systemalarm.UpdateProxies" />
165-->[androidx.work:work-runtime:2.9.0] AndroidManifest.xml:129:17-98
165-->[androidx.work:work-runtime:2.9.0] AndroidManifest.xml:129:25-95
166            </intent-filter>
167        </receiver>
168        <receiver
168-->[androidx.work:work-runtime:2.9.0] AndroidManifest.xml:132:9-142:20
169            android:name="androidx.work.impl.diagnostics.DiagnosticsReceiver"
169-->[androidx.work:work-runtime:2.9.0] AndroidManifest.xml:133:13-78
170            android:directBootAware="false"
170-->[androidx.work:work-runtime:2.9.0] AndroidManifest.xml:134:13-44
171            android:enabled="true"
171-->[androidx.work:work-runtime:2.9.0] AndroidManifest.xml:135:13-35
172            android:exported="true"
172-->[androidx.work:work-runtime:2.9.0] AndroidManifest.xml:136:13-36
173            android:permission="android.permission.DUMP" >
173-->[androidx.work:work-runtime:2.9.0] AndroidManifest.xml:137:13-57
174            <intent-filter>
174-->[androidx.work:work-runtime:2.9.0] AndroidManifest.xml:139:13-141:29
175                <action android:name="androidx.work.diagnostics.REQUEST_DIAGNOSTICS" />
175-->[androidx.work:work-runtime:2.9.0] AndroidManifest.xml:140:17-88
175-->[androidx.work:work-runtime:2.9.0] AndroidManifest.xml:140:25-85
176            </intent-filter>
177        </receiver>
178
179        <uses-library
179-->[androidx.window:window:1.0.0] AndroidManifest.xml:25:9-27:40
180            android:name="androidx.window.extensions"
180-->[androidx.window:window:1.0.0] AndroidManifest.xml:26:13-54
181            android:required="false" />
181-->[androidx.window:window:1.0.0] AndroidManifest.xml:27:13-37
182        <uses-library
182-->[androidx.window:window:1.0.0] AndroidManifest.xml:28:9-30:40
183            android:name="androidx.window.sidecar"
183-->[androidx.window:window:1.0.0] AndroidManifest.xml:29:13-51
184            android:required="false" />
184-->[androidx.window:window:1.0.0] AndroidManifest.xml:30:13-37
185
186        <service
186-->[androidx.room:room-runtime:2.5.0] AndroidManifest.xml:24:9-28:63
187            android:name="androidx.room.MultiInstanceInvalidationService"
187-->[androidx.room:room-runtime:2.5.0] AndroidManifest.xml:25:13-74
188            android:directBootAware="true"
188-->[androidx.room:room-runtime:2.5.0] AndroidManifest.xml:26:13-43
189            android:exported="false" />
189-->[androidx.room:room-runtime:2.5.0] AndroidManifest.xml:27:13-37
190
191        <receiver
191-->[androidx.profileinstaller:profileinstaller:1.3.1] AndroidManifest.xml:34:9-52:20
192            android:name="androidx.profileinstaller.ProfileInstallReceiver"
192-->[androidx.profileinstaller:profileinstaller:1.3.1] AndroidManifest.xml:35:13-76
193            android:directBootAware="false"
193-->[androidx.profileinstaller:profileinstaller:1.3.1] AndroidManifest.xml:36:13-44
194            android:enabled="true"
194-->[androidx.profileinstaller:profileinstaller:1.3.1] AndroidManifest.xml:37:13-35
195            android:exported="true"
195-->[androidx.profileinstaller:profileinstaller:1.3.1] AndroidManifest.xml:38:13-36
196            android:permission="android.permission.DUMP" >
196-->[androidx.profileinstaller:profileinstaller:1.3.1] AndroidManifest.xml:39:13-57
197            <intent-filter>
197-->[androidx.profileinstaller:profileinstaller:1.3.1] AndroidManifest.xml:40:13-42:29
198                <action android:name="androidx.profileinstaller.action.INSTALL_PROFILE" />
198-->[androidx.profileinstaller:profileinstaller:1.3.1] AndroidManifest.xml:41:17-91
198-->[androidx.profileinstaller:profileinstaller:1.3.1] AndroidManifest.xml:41:25-88
199            </intent-filter>
200            <intent-filter>
200-->[androidx.profileinstaller:profileinstaller:1.3.1] AndroidManifest.xml:43:13-45:29
201                <action android:name="androidx.profileinstaller.action.SKIP_FILE" />
201-->[androidx.profileinstaller:profileinstaller:1.3.1] AndroidManifest.xml:44:17-85
201-->[androidx.profileinstaller:profileinstaller:1.3.1] AndroidManifest.xml:44:25-82
202            </intent-filter>
203            <intent-filter>
203-->[androidx.profileinstaller:profileinstaller:1.3.1] AndroidManifest.xml:46:13-48:29
204                <action android:name="androidx.profileinstaller.action.SAVE_PROFILE" />
204-->[androidx.profileinstaller:profileinstaller:1.3.1] AndroidManifest.xml:47:17-88
204-->[androidx.profileinstaller:profileinstaller:1.3.1] AndroidManifest.xml:47:25-85
205            </intent-filter>
206            <intent-filter>
206-->[androidx.profileinstaller:profileinstaller:1.3.1] AndroidManifest.xml:49:13-51:29
207                <action android:name="androidx.profileinstaller.action.BENCHMARK_OPERATION" />
207-->[androidx.profileinstaller:profileinstaller:1.3.1] AndroidManifest.xml:50:17-95
207-->[androidx.profileinstaller:profileinstaller:1.3.1] AndroidManifest.xml:50:25-92
208            </intent-filter>
209        </receiver>
210    </application>
211
212</manifest>